[02-Nov-2018 03:08:38 UTC] PHP Warning:  Use of undefined constant DB_USER - assumed 'DB_USER' (this will throw an Error in a future version of PHP) in /Applications/MAMP/htdocs/Progress/wp-includes/load.php on line 404
[02-Nov-2018 03:08:38 UTC] PHP Warning:  Use of undefined constant DB_PASSWORD - assumed 'DB_PASSWORD' (this will throw an Error in a future version of PHP) in /Applications/MAMP/htdocs/Progress/wp-includes/load.php on line 404
[02-Nov-2018 03:08:38 UTC] PHP Warning:  Use of undefined constant DB_NAME - assumed 'DB_NAME' (this will throw an Error in a future version of PHP) in /Applications/MAMP/htdocs/Progress/wp-includes/load.php on line 404
[02-Nov-2018 03:08:38 UTC] PHP Warning:  Use of undefined constant DB_HOST - assumed 'DB_HOST' (this will throw an Error in a future version of PHP) in /Applications/MAMP/htdocs/Progress/wp-includes/load.php on line 404
[02-Nov-2018 03:23:51 UTC] PHP Warning:  Use of undefined constant DB_USER - assumed 'DB_USER' (this will throw an Error in a future version of PHP) in /Applications/MAMP/htdocs/Progress/wp-includes/load.php on line 404
[02-Nov-2018 03:23:51 UTC] PHP Warning:  Use of undefined constant DB_PASSWORD - assumed 'DB_PASSWORD' (this will throw an Error in a future version of PHP) in /Applications/MAMP/htdocs/Progress/wp-includes/load.php on line 404
[02-Nov-2018 03:23:51 UTC] PHP Warning:  Use of undefined constant DB_NAME - assumed 'DB_NAME' (this will throw an Error in a future version of PHP) in /Applications/MAMP/htdocs/Progress/wp-includes/load.php on line 404
[02-Nov-2018 03:23:51 UTC] PHP Warning:  Use of undefined constant DB_HOST - assumed 'DB_HOST' (this will throw an Error in a future version of PHP) in /Applications/MAMP/htdocs/Progress/wp-includes/load.php on line 404
[02-Nov-2018 03:24:21 UTC] PHP Warning:  Use of undefined constant DB_USER - assumed 'DB_USER' (this will throw an Error in a future version of PHP) in /Applications/MAMP/htdocs/Progress/wp-includes/load.php on line 404
[02-Nov-2018 03:24:21 UTC] PHP Warning:  Use of undefined constant DB_PASSWORD - assumed 'DB_PASSWORD' (this will throw an Error in a future version of PHP) in /Applications/MAMP/htdocs/Progress/wp-includes/load.php on line 404
[02-Nov-2018 03:24:21 UTC] PHP Warning:  Use of undefined constant DB_NAME - assumed 'DB_NAME' (this will throw an Error in a future version of PHP) in /Applications/MAMP/htdocs/Progress/wp-includes/load.php on line 404
[02-Nov-2018 03:24:21 UTC] PHP Warning:  Use of undefined constant DB_HOST - assumed 'DB_HOST' (this will throw an Error in a future version of PHP) in /Applications/MAMP/htdocs/Progress/wp-includes/load.php on line 404
[02-Nov-2018 03:24:28 UTC] PHP Warning:  Use of undefined constant DB_USER - assumed 'DB_USER' (this will throw an Error in a future version of PHP) in /Applications/MAMP/htdocs/Progress/wp-includes/load.php on line 404
[02-Nov-2018 03:24:28 UTC] PHP Warning:  Use of undefined constant DB_PASSWORD - assumed 'DB_PASSWORD' (this will throw an Error in a future version of PHP) in /Applications/MAMP/htdocs/Progress/wp-includes/load.php on line 404
[02-Nov-2018 03:24:28 UTC] PHP Warning:  Use of undefined constant DB_NAME - assumed 'DB_NAME' (this will throw an Error in a future version of PHP) in /Applications/MAMP/htdocs/Progress/wp-includes/load.php on line 404
[02-Nov-2018 03:24:28 UTC] PHP Warning:  Use of undefined constant DB_HOST - assumed 'DB_HOST' (this will throw an Error in a future version of PHP) in /Applications/MAMP/htdocs/Progress/wp-includes/load.php on line 404
[02-Nov-2018 03:25:14 UTC] PHP Warning:  Use of undefined constant DB_USER - assumed 'DB_USER' (this will throw an Error in a future version of PHP) in /Applications/MAMP/htdocs/Progress/wp-includes/load.php on line 404
[02-Nov-2018 03:25:14 UTC] PHP Warning:  Use of undefined constant DB_PASSWORD - assumed 'DB_PASSWORD' (this will throw an Error in a future version of PHP) in /Applications/MAMP/htdocs/Progress/wp-includes/load.php on line 404
[02-Nov-2018 03:25:14 UTC] PHP Warning:  Use of undefined constant DB_NAME - assumed 'DB_NAME' (this will throw an Error in a future version of PHP) in /Applications/MAMP/htdocs/Progress/wp-includes/load.php on line 404
[02-Nov-2018 03:25:14 UTC] PHP Warning:  Use of undefined constant DB_HOST - assumed 'DB_HOST' (this will throw an Error in a future version of PHP) in /Applications/MAMP/htdocs/Progress/wp-includes/load.php on line 404
[02-Nov-2018 03:25:34 UTC] PHP Warning:  Use of undefined constant DB_USER - assumed 'DB_USER' (this will throw an Error in a future version of PHP) in /Applications/MAMP/htdocs/Progress/wp-includes/load.php on line 404
[02-Nov-2018 03:25:34 UTC] PHP Warning:  Use of undefined constant DB_PASSWORD - assumed 'DB_PASSWORD' (this will throw an Error in a future version of PHP) in /Applications/MAMP/htdocs/Progress/wp-includes/load.php on line 404
[02-Nov-2018 03:25:34 UTC] PHP Warning:  Use of undefined constant DB_NAME - assumed 'DB_NAME' (this will throw an Error in a future version of PHP) in /Applications/MAMP/htdocs/Progress/wp-includes/load.php on line 404
[02-Nov-2018 03:25:34 UTC] PHP Warning:  Use of undefined constant DB_HOST - assumed 'DB_HOST' (this will throw an Error in a future version of PHP) in /Applications/MAMP/htdocs/Progress/wp-includes/load.php on line 404
[02-Nov-2018 03:25:35 UTC] WordPress データベースエラー: Unknown column 'wp_' in 'field list' for query SELECT wp_
[02-Nov-2018 06:40:03 UTC] PHP Fatal error:  Uncaught Error: Call to undefined function get_templete_directory_uri() in /Applications/MAMP/htdocs/Progress/wp-content/themes/progresstheme/header.php:14
Stack trace:
#0 /Applications/MAMP/htdocs/Progress/wp-includes/template.php(688): require_once()
#1 /Applications/MAMP/htdocs/Progress/wp-includes/template.php(647): load_template('/Applications/M...', true)
#2 /Applications/MAMP/htdocs/Progress/wp-includes/general-template.php(41): locate_template(Array, true)
#3 /Applications/MAMP/htdocs/Progress/wp-content/themes/progresstheme/index.php(1): get_header()
#4 /Applications/MAMP/htdocs/Progress/wp-includes/template-loader.php(74): include('/Applications/M...')
#5 /Applications/MAMP/htdocs/Progress/wp-blog-header.php(19): require_once('/Applications/M...')
#6 /Applications/MAMP/htdocs/Progress/index.php(17): require('/Applications/M...')
#7 {main}
  thrown in /Applications/MAMP/htdocs/Progress/wp-content/themes/progresstheme/header.php on line 14
[06-Nov-2018 03:08:22 UTC] PHP Fatal error:  Uncaught ArgumentCountError: Too few arguments to function get_page(), 0 passed in /Applications/MAMP/htdocs/Progress/wp-content/themes/progresstheme/index.php on line 5 and at least 1 expected in /Applications/MAMP/htdocs/Progress/wp-includes/post.php:4374
Stack trace:
#0 /Applications/MAMP/htdocs/Progress/wp-content/themes/progresstheme/index.php(5): get_page()
#1 /Applications/MAMP/htdocs/Progress/wp-includes/template-loader.php(74): include('/Applications/M...')
#2 /Applications/MAMP/htdocs/Progress/wp-blog-header.php(19): require_once('/Applications/M...')
#3 /Applications/MAMP/htdocs/Progress/index.php(17): require('/Applications/M...')
#4 {main}
  thrown in /Applications/MAMP/htdocs/Progress/wp-includes/post.php on line 4374
[06-Nov-2018 03:08:23 UTC] PHP Fatal error:  Uncaught ArgumentCountError: Too few arguments to function get_page(), 0 passed in /Applications/MAMP/htdocs/Progress/wp-content/themes/progresstheme/index.php on line 5 and at least 1 expected in /Applications/MAMP/htdocs/Progress/wp-includes/post.php:4374
Stack trace:
#0 /Applications/MAMP/htdocs/Progress/wp-content/themes/progresstheme/index.php(5): get_page()
#1 /Applications/MAMP/htdocs/Progress/wp-includes/template-loader.php(74): include('/Applications/M...')
#2 /Applications/MAMP/htdocs/Progress/wp-blog-header.php(19): require_once('/Applications/M...')
#3 /Applications/MAMP/htdocs/Progress/index.php(17): require('/Applications/M...')
#4 {main}
  thrown in /Applications/MAMP/htdocs/Progress/wp-includes/post.php on line 4374
[06-Nov-2018 03:08:23 UTC] PHP Fatal error:  Uncaught ArgumentCountError: Too few arguments to function get_page(), 0 passed in /Applications/MAMP/htdocs/Progress/wp-content/themes/progresstheme/index.php on line 5 and at least 1 expected in /Applications/MAMP/htdocs/Progress/wp-includes/post.php:4374
Stack trace:
#0 /Applications/MAMP/htdocs/Progress/wp-content/themes/progresstheme/index.php(5): get_page()
#1 /Applications/MAMP/htdocs/Progress/wp-includes/template-loader.php(74): include('/Applications/M...')
#2 /Applications/MAMP/htdocs/Progress/wp-blog-header.php(19): require_once('/Applications/M...')
#3 /Applications/MAMP/htdocs/Progress/index.php(17): require('/Applications/M...')
#4 {main}
  thrown in /Applications/MAMP/htdocs/Progress/wp-includes/post.php on line 4374
[06-Nov-2018 03:33:19 UTC] PHP Fatal error:  Uncaught ArgumentCountError: Too few arguments to function get_page(), 0 passed in /Applications/MAMP/htdocs/Progress/wp-content/themes/progresstheme/index.php on line 5 and at least 1 expected in /Applications/MAMP/htdocs/Progress/wp-includes/post.php:4374
Stack trace:
#0 /Applications/MAMP/htdocs/Progress/wp-content/themes/progresstheme/index.php(5): get_page()
#1 /Applications/MAMP/htdocs/Progress/wp-includes/template-loader.php(74): include('/Applications/M...')
#2 /Applications/MAMP/htdocs/Progress/wp-blog-header.php(19): require_once('/Applications/M...')
#3 /Applications/MAMP/htdocs/Progress/index.php(17): require('/Applications/M...')
#4 {main}
  thrown in /Applications/MAMP/htdocs/Progress/wp-includes/post.php on line 4374
[06-Nov-2018 03:33:20 UTC] PHP Fatal error:  Uncaught ArgumentCountError: Too few arguments to function get_page(), 0 passed in /Applications/MAMP/htdocs/Progress/wp-content/themes/progresstheme/index.php on line 5 and at least 1 expected in /Applications/MAMP/htdocs/Progress/wp-includes/post.php:4374
Stack trace:
#0 /Applications/MAMP/htdocs/Progress/wp-content/themes/progresstheme/index.php(5): get_page()
#1 /Applications/MAMP/htdocs/Progress/wp-includes/template-loader.php(74): include('/Applications/M...')
#2 /Applications/MAMP/htdocs/Progress/wp-blog-header.php(19): require_once('/Applications/M...')
#3 /Applications/MAMP/htdocs/Progress/index.php(17): require('/Applications/M...')
#4 {main}
  thrown in /Applications/MAMP/htdocs/Progress/wp-includes/post.php on line 4374
[06-Nov-2018 03:33:20 UTC] PHP Fatal error:  Uncaught ArgumentCountError: Too few arguments to function get_page(), 0 passed in /Applications/MAMP/htdocs/Progress/wp-content/themes/progresstheme/index.php on line 5 and at least 1 expected in /Applications/MAMP/htdocs/Progress/wp-includes/post.php:4374
Stack trace:
#0 /Applications/MAMP/htdocs/Progress/wp-content/themes/progresstheme/index.php(5): get_page()
#1 /Applications/MAMP/htdocs/Progress/wp-includes/template-loader.php(74): include('/Applications/M...')
#2 /Applications/MAMP/htdocs/Progress/wp-blog-header.php(19): require_once('/Applications/M...')
#3 /Applications/MAMP/htdocs/Progress/index.php(17): require('/Applications/M...')
#4 {main}
  thrown in /Applications/MAMP/htdocs/Progress/wp-includes/post.php on line 4374
[06-Nov-2018 03:33:28 UTC] PHP Fatal error:  Uncaught ArgumentCountError: Too few arguments to function get_page(), 0 passed in /Applications/MAMP/htdocs/Progress/wp-content/themes/progresstheme/index.php on line 5 and at least 1 expected in /Applications/MAMP/htdocs/Progress/wp-includes/post.php:4374
Stack trace:
#0 /Applications/MAMP/htdocs/Progress/wp-content/themes/progresstheme/index.php(5): get_page()
#1 /Applications/MAMP/htdocs/Progress/wp-includes/template-loader.php(74): include('/Applications/M...')
#2 /Applications/MAMP/htdocs/Progress/wp-blog-header.php(19): require_once('/Applications/M...')
#3 /Applications/MAMP/htdocs/Progress/index.php(17): require('/Applications/M...')
#4 {main}
  thrown in /Applications/MAMP/htdocs/Progress/wp-includes/post.php on line 4374
[06-Nov-2018 03:33:29 UTC] PHP Fatal error:  Uncaught ArgumentCountError: Too few arguments to function get_page(), 0 passed in /Applications/MAMP/htdocs/Progress/wp-content/themes/progresstheme/index.php on line 5 and at least 1 expected in /Applications/MAMP/htdocs/Progress/wp-includes/post.php:4374
Stack trace:
#0 /Applications/MAMP/htdocs/Progress/wp-content/themes/progresstheme/index.php(5): get_page()
#1 /Applications/MAMP/htdocs/Progress/wp-includes/template-loader.php(74): include('/Applications/M...')
#2 /Applications/MAMP/htdocs/Progress/wp-blog-header.php(19): require_once('/Applications/M...')
#3 /Applications/MAMP/htdocs/Progress/index.php(17): require('/Applications/M...')
#4 {main}
  thrown in /Applications/MAMP/htdocs/Progress/wp-includes/post.php on line 4374
[06-Nov-2018 03:33:29 UTC] PHP Fatal error:  Uncaught ArgumentCountError: Too few arguments to function get_page(), 0 passed in /Applications/MAMP/htdocs/Progress/wp-content/themes/progresstheme/index.php on line 5 and at least 1 expected in /Applications/MAMP/htdocs/Progress/wp-includes/post.php:4374
Stack trace:
#0 /Applications/MAMP/htdocs/Progress/wp-content/themes/progresstheme/index.php(5): get_page()
#1 /Applications/MAMP/htdocs/Progress/wp-includes/template-loader.php(74): include('/Applications/M...')
#2 /Applications/MAMP/htdocs/Progress/wp-blog-header.php(19): require_once('/Applications/M...')
#3 /Applications/MAMP/htdocs/Progress/index.php(17): require('/Applications/M...')
#4 {main}
  thrown in /Applications/MAMP/htdocs/Progress/wp-includes/post.php on line 4374
[06-Nov-2018 03:34:37 UTC] PHP Fatal error:  Uncaught ArgumentCountError: Too few arguments to function get_page(), 0 passed in /Applications/MAMP/htdocs/Progress/wp-content/themes/progresstheme/index.php on line 5 and at least 1 expected in /Applications/MAMP/htdocs/Progress/wp-includes/post.php:4374
Stack trace:
#0 /Applications/MAMP/htdocs/Progress/wp-content/themes/progresstheme/index.php(5): get_page()
#1 /Applications/MAMP/htdocs/Progress/wp-includes/template-loader.php(74): include('/Applications/M...')
#2 /Applications/MAMP/htdocs/Progress/wp-blog-header.php(19): require_once('/Applications/M...')
#3 /Applications/MAMP/htdocs/Progress/index.php(17): require('/Applications/M...')
#4 {main}
  thrown in /Applications/MAMP/htdocs/Progress/wp-includes/post.php on line 4374
[06-Nov-2018 03:34:37 UTC] PHP Fatal error:  Uncaught ArgumentCountError: Too few arguments to function get_page(), 0 passed in /Applications/MAMP/htdocs/Progress/wp-content/themes/progresstheme/index.php on line 5 and at least 1 expected in /Applications/MAMP/htdocs/Progress/wp-includes/post.php:4374
Stack trace:
#0 /Applications/MAMP/htdocs/Progress/wp-content/themes/progresstheme/index.php(5): get_page()
#1 /Applications/MAMP/htdocs/Progress/wp-includes/template-loader.php(74): include('/Applications/M...')
#2 /Applications/MAMP/htdocs/Progress/wp-blog-header.php(19): require_once('/Applications/M...')
#3 /Applications/MAMP/htdocs/Progress/index.php(17): require('/Applications/M...')
#4 {main}
  thrown in /Applications/MAMP/htdocs/Progress/wp-includes/post.php on line 4374
[06-Nov-2018 03:34:37 UTC] PHP Fatal error:  Uncaught ArgumentCountError: Too few arguments to function get_page(), 0 passed in /Applications/MAMP/htdocs/Progress/wp-content/themes/progresstheme/index.php on line 5 and at least 1 expected in /Applications/MAMP/htdocs/Progress/wp-includes/post.php:4374
Stack trace:
#0 /Applications/MAMP/htdocs/Progress/wp-content/themes/progresstheme/index.php(5): get_page()
#1 /Applications/MAMP/htdocs/Progress/wp-includes/template-loader.php(74): include('/Applications/M...')
#2 /Applications/MAMP/htdocs/Progress/wp-blog-header.php(19): require_once('/Applications/M...')
#3 /Applications/MAMP/htdocs/Progress/index.php(17): require('/Applications/M...')
#4 {main}
  thrown in /Applications/MAMP/htdocs/Progress/wp-includes/post.php on line 4374
[06-Nov-2018 03:36:16 UTC] PHP Fatal error:  Uncaught ArgumentCountError: Too few arguments to function get_page(), 0 passed in /Applications/MAMP/htdocs/Progress/wp-content/themes/progresstheme/index.php on line 5 and at least 1 expected in /Applications/MAMP/htdocs/Progress/wp-includes/post.php:4374
Stack trace:
#0 /Applications/MAMP/htdocs/Progress/wp-content/themes/progresstheme/index.php(5): get_page()
#1 /Applications/MAMP/htdocs/Progress/wp-includes/template-loader.php(74): include('/Applications/M...')
#2 /Applications/MAMP/htdocs/Progress/wp-blog-header.php(19): require_once('/Applications/M...')
#3 /Applications/MAMP/htdocs/Progress/index.php(17): require('/Applications/M...')
#4 {main}
  thrown in /Applications/MAMP/htdocs/Progress/wp-includes/post.php on line 4374
[06-Nov-2018 03:36:17 UTC] PHP Fatal error:  Uncaught ArgumentCountError: Too few arguments to function get_page(), 0 passed in /Applications/MAMP/htdocs/Progress/wp-content/themes/progresstheme/index.php on line 5 and at least 1 expected in /Applications/MAMP/htdocs/Progress/wp-includes/post.php:4374
Stack trace:
#0 /Applications/MAMP/htdocs/Progress/wp-content/themes/progresstheme/index.php(5): get_page()
#1 /Applications/MAMP/htdocs/Progress/wp-includes/template-loader.php(74): include('/Applications/M...')
#2 /Applications/MAMP/htdocs/Progress/wp-blog-header.php(19): require_once('/Applications/M...')
#3 /Applications/MAMP/htdocs/Progress/index.php(17): require('/Applications/M...')
#4 {main}
  thrown in /Applications/MAMP/htdocs/Progress/wp-includes/post.php on line 4374
[06-Nov-2018 03:36:17 UTC] PHP Fatal error:  Uncaught ArgumentCountError: Too few arguments to function get_page(), 0 passed in /Applications/MAMP/htdocs/Progress/wp-content/themes/progresstheme/index.php on line 5 and at least 1 expected in /Applications/MAMP/htdocs/Progress/wp-includes/post.php:4374
Stack trace:
#0 /Applications/MAMP/htdocs/Progress/wp-content/themes/progresstheme/index.php(5): get_page()
#1 /Applications/MAMP/htdocs/Progress/wp-includes/template-loader.php(74): include('/Applications/M...')
#2 /Applications/MAMP/htdocs/Progress/wp-blog-header.php(19): require_once('/Applications/M...')
#3 /Applications/MAMP/htdocs/Progress/index.php(17): require('/Applications/M...')
#4 {main}
  thrown in /Applications/MAMP/htdocs/Progress/wp-includes/post.php on line 4374
[06-Nov-2018 03:41:28 UTC] PHP Fatal error:  Uncaught ArgumentCountError: Too few arguments to function get_page(), 0 passed in /Applications/MAMP/htdocs/Progress/wp-content/themes/progresstheme/index.php on line 5 and at least 1 expected in /Applications/MAMP/htdocs/Progress/wp-includes/post.php:4374
Stack trace:
#0 /Applications/MAMP/htdocs/Progress/wp-content/themes/progresstheme/index.php(5): get_page()
#1 /Applications/MAMP/htdocs/Progress/wp-includes/template-loader.php(74): include('/Applications/M...')
#2 /Applications/MAMP/htdocs/Progress/wp-blog-header.php(19): require_once('/Applications/M...')
#3 /Applications/MAMP/htdocs/Progress/index.php(17): require('/Applications/M...')
#4 {main}
  thrown in /Applications/MAMP/htdocs/Progress/wp-includes/post.php on line 4374
[06-Nov-2018 03:41:29 UTC] PHP Fatal error:  Uncaught ArgumentCountError: Too few arguments to function get_page(), 0 passed in /Applications/MAMP/htdocs/Progress/wp-content/themes/progresstheme/index.php on line 5 and at least 1 expected in /Applications/MAMP/htdocs/Progress/wp-includes/post.php:4374
Stack trace:
#0 /Applications/MAMP/htdocs/Progress/wp-content/themes/progresstheme/index.php(5): get_page()
#1 /Applications/MAMP/htdocs/Progress/wp-includes/template-loader.php(74): include('/Applications/M...')
#2 /Applications/MAMP/htdocs/Progress/wp-blog-header.php(19): require_once('/Applications/M...')
#3 /Applications/MAMP/htdocs/Progress/index.php(17): require('/Applications/M...')
#4 {main}
  thrown in /Applications/MAMP/htdocs/Progress/wp-includes/post.php on line 4374
[06-Nov-2018 03:41:29 UTC] PHP Fatal error:  Uncaught ArgumentCountError: Too few arguments to function get_page(), 0 passed in /Applications/MAMP/htdocs/Progress/wp-content/themes/progresstheme/index.php on line 5 and at least 1 expected in /Applications/MAMP/htdocs/Progress/wp-includes/post.php:4374
Stack trace:
#0 /Applications/MAMP/htdocs/Progress/wp-content/themes/progresstheme/index.php(5): get_page()
#1 /Applications/MAMP/htdocs/Progress/wp-includes/template-loader.php(74): include('/Applications/M...')
#2 /Applications/MAMP/htdocs/Progress/wp-blog-header.php(19): require_once('/Applications/M...')
#3 /Applications/MAMP/htdocs/Progress/index.php(17): require('/Applications/M...')
#4 {main}
  thrown in /Applications/MAMP/htdocs/Progress/wp-includes/post.php on line 4374
[06-Nov-2018 03:42:27 UTC] PHP Fatal error:  Uncaught ArgumentCountError: Too few arguments to function get_page(), 0 passed in /Applications/MAMP/htdocs/Progress/wp-content/themes/progresstheme/index.php on line 6 and at least 1 expected in /Applications/MAMP/htdocs/Progress/wp-includes/post.php:4374
Stack trace:
#0 /Applications/MAMP/htdocs/Progress/wp-content/themes/progresstheme/index.php(6): get_page()
#1 /Applications/MAMP/htdocs/Progress/wp-includes/template-loader.php(74): include('/Applications/M...')
#2 /Applications/MAMP/htdocs/Progress/wp-blog-header.php(19): require_once('/Applications/M...')
#3 /Applications/MAMP/htdocs/Progress/index.php(17): require('/Applications/M...')
#4 {main}
  thrown in /Applications/MAMP/htdocs/Progress/wp-includes/post.php on line 4374
[06-Nov-2018 03:42:27 UTC] PHP Fatal error:  Uncaught ArgumentCountError: Too few arguments to function get_page(), 0 passed in /Applications/MAMP/htdocs/Progress/wp-content/themes/progresstheme/index.php on line 6 and at least 1 expected in /Applications/MAMP/htdocs/Progress/wp-includes/post.php:4374
Stack trace:
#0 /Applications/MAMP/htdocs/Progress/wp-content/themes/progresstheme/index.php(6): get_page()
#1 /Applications/MAMP/htdocs/Progress/wp-includes/template-loader.php(74): include('/Applications/M...')
#2 /Applications/MAMP/htdocs/Progress/wp-blog-header.php(19): require_once('/Applications/M...')
#3 /Applications/MAMP/htdocs/Progress/index.php(17): require('/Applications/M...')
#4 {main}
  thrown in /Applications/MAMP/htdocs/Progress/wp-includes/post.php on line 4374
[06-Nov-2018 03:42:27 UTC] PHP Fatal error:  Uncaught ArgumentCountError: Too few arguments to function get_page(), 0 passed in /Applications/MAMP/htdocs/Progress/wp-content/themes/progresstheme/index.php on line 6 and at least 1 expected in /Applications/MAMP/htdocs/Progress/wp-includes/post.php:4374
Stack trace:
#0 /Applications/MAMP/htdocs/Progress/wp-content/themes/progresstheme/index.php(6): get_page()
#1 /Applications/MAMP/htdocs/Progress/wp-includes/template-loader.php(74): include('/Applications/M...')
#2 /Applications/MAMP/htdocs/Progress/wp-blog-header.php(19): require_once('/Applications/M...')
#3 /Applications/MAMP/htdocs/Progress/index.php(17): require('/Applications/M...')
#4 {main}
  thrown in /Applications/MAMP/htdocs/Progress/wp-includes/post.php on line 4374
[08-Nov-2018 05:18:45 UTC] PHP Fatal error:  Uncaught Error: Call to undefined function get_templete_directory_uri() in /Applications/MAMP/htdocs/Progress/wp-content/themes/progresstheme/header.php:13
Stack trace:
#0 /Applications/MAMP/htdocs/Progress/wp-includes/template.php(688): require_once()
#1 /Applications/MAMP/htdocs/Progress/wp-includes/template.php(647): load_template('/Applications/M...', true)
#2 /Applications/MAMP/htdocs/Progress/wp-includes/general-template.php(41): locate_template(Array, true)
#3 /Applications/MAMP/htdocs/Progress/wp-content/themes/progresstheme/index.php(1): get_header()
#4 /Applications/MAMP/htdocs/Progress/wp-includes/template-loader.php(74): include('/Applications/M...')
#5 /Applications/MAMP/htdocs/Progress/wp-blog-header.php(19): require_once('/Applications/M...')
#6 /Applications/MAMP/htdocs/Progress/index.php(17): require('/Applications/M...')
#7 {main}
  thrown in /Applications/MAMP/htdocs/Progress/wp-content/themes/progresstheme/header.php on line 13
[08-Nov-2018 07:15:14 UTC] PHP Fatal error:  Uncaught Error: Call to undefined function get_templete_directory_uri() in /Applications/MAMP/htdocs/Progress/wp-content/themes/progresstheme/index.php:43
Stack trace:
#0 /Applications/MAMP/htdocs/Progress/wp-includes/template-loader.php(74): include()
#1 /Applications/MAMP/htdocs/Progress/wp-blog-header.php(19): require_once('/Applications/M...')
#2 /Applications/MAMP/htdocs/Progress/index.php(17): require('/Applications/M...')
#3 {main}
  thrown in /Applications/MAMP/htdocs/Progress/wp-content/themes/progresstheme/index.php on line 43
[08-Nov-2018 07:15:29 UTC] PHP Fatal error:  Uncaught Error: Call to undefined function get_templete_directory_uri() in /Applications/MAMP/htdocs/Progress/wp-content/themes/progresstheme/index.php:43
Stack trace:
#0 /Applications/MAMP/htdocs/Progress/wp-includes/template-loader.php(74): include()
#1 /Applications/MAMP/htdocs/Progress/wp-blog-header.php(19): require_once('/Applications/M...')
#2 /Applications/MAMP/htdocs/Progress/index.php(17): require('/Applications/M...')
#3 {main}
  thrown in /Applications/MAMP/htdocs/Progress/wp-content/themes/progresstheme/index.php on line 43
[08-Nov-2018 07:15:51 UTC] PHP Fatal error:  Uncaught Error: Call to undefined function get_templete_directory_uri() in /Applications/MAMP/htdocs/Progress/wp-content/themes/progresstheme/index.php:43
Stack trace:
#0 /Applications/MAMP/htdocs/Progress/wp-includes/template-loader.php(74): include()
#1 /Applications/MAMP/htdocs/Progress/wp-blog-header.php(19): require_once('/Applications/M...')
#2 /Applications/MAMP/htdocs/Progress/index.php(17): require('/Applications/M...')
#3 {main}
  thrown in /Applications/MAMP/htdocs/Progress/wp-content/themes/progresstheme/index.php on line 43
[08-Nov-2018 07:16:08 UTC] PHP Fatal error:  Uncaught Error: Call to undefined function get_templete_directory_uri() in /Applications/MAMP/htdocs/Progress/wp-content/themes/progresstheme/index.php:43
Stack trace:
#0 /Applications/MAMP/htdocs/Progress/wp-includes/template-loader.php(74): include()
#1 /Applications/MAMP/htdocs/Progress/wp-blog-header.php(19): require_once('/Applications/M...')
#2 /Applications/MAMP/htdocs/Progress/index.php(17): require('/Applications/M...')
#3 {main}
  thrown in /Applications/MAMP/htdocs/Progress/wp-content/themes/progresstheme/index.php on line 43
[08-Nov-2018 08:37:43 UTC] PHP Fatal error:  Uncaught Error: Call to undefined function get_templete_directory_uri() in /Applications/MAMP/htdocs/Progress/wp-content/themes/progresstheme/index.php:12
Stack trace:
#0 /Applications/MAMP/htdocs/Progress/wp-includes/template-loader.php(74): include()
#1 /Applications/MAMP/htdocs/Progress/wp-blog-header.php(19): require_once('/Applications/M...')
#2 /Applications/MAMP/htdocs/Progress/index.php(17): require('/Applications/M...')
#3 {main}
  thrown in /Applications/MAMP/htdocs/Progress/wp-content/themes/progresstheme/index.php on line 12
[11-Nov-2018 13:02:57 UTC] PHP Warning:  printf(): Too few arguments in /Applications/MAMP/htdocs/Progress/wp-content/plugins/wordpress-seo/admin/config-ui/class-configuration-page.php on line 115
[13-Nov-2018 02:36:44 UTC] PHP Fatal error:  Uncaught Error: Call to undefined function get_templete_directory_uri() in /Applications/MAMP/htdocs/Progress/wp-content/themes/progresstheme/index.php:45
Stack trace:
#0 /Applications/MAMP/htdocs/Progress/wp-includes/template-loader.php(74): include()
#1 /Applications/MAMP/htdocs/Progress/wp-blog-header.php(19): require_once('/Applications/M...')
#2 /Applications/MAMP/htdocs/Progress/index.php(17): require('/Applications/M...')
#3 {main}
  thrown in /Applications/MAMP/htdocs/Progress/wp-content/themes/progresstheme/index.php on line 45
[13-Nov-2018 04:39:13 UTC] PHP Warning:  printf(): Too few arguments in /Applications/MAMP/htdocs/Progress/wp-content/plugins/wordpress-seo/admin/config-ui/class-configuration-page.php on line 115
[16-Nov-2018 08:43:11 UTC] PHP Fatal error:  Uncaught Error: Call to undefined function get_templete_directory_uri() in /Applications/MAMP/htdocs/Progress/wp-content/themes/progresstheme/header.php:15
Stack trace:
#0 /Applications/MAMP/htdocs/Progress/wp-includes/template.php(688): require_once()
#1 /Applications/MAMP/htdocs/Progress/wp-includes/template.php(647): load_template('/Applications/M...', true)
#2 /Applications/MAMP/htdocs/Progress/wp-includes/general-template.php(41): locate_template(Array, true)
#3 /Applications/MAMP/htdocs/Progress/wp-content/themes/progresstheme/index.php(1): get_header()
#4 /Applications/MAMP/htdocs/Progress/wp-includes/template-loader.php(74): include('/Applications/M...')
#5 /Applications/MAMP/htdocs/Progress/wp-blog-header.php(19): require_once('/Applications/M...')
#6 /Applications/MAMP/htdocs/Progress/index.php(17): require('/Applications/M...')
#7 {main}
  thrown in /Applications/MAMP/htdocs/Progress/wp-content/themes/progresstheme/header.php on line 15
[11-Dec-2018 07:44:04 UTC] PHP Warning:  call_user_func_array() expects parameter 1 to be a valid callback, function 'add_scripts' not found or invalid function name in /Applications/MAMP/htdocs/Progress/wp-includes/class-wp-hook.php on line 286
[11-Dec-2018 07:44:54 UTC] PHP Warning:  call_user_func_array() expects parameter 1 to be a valid callback, function 'add_scripts' not found or invalid function name in /Applications/MAMP/htdocs/Progress/wp-includes/class-wp-hook.php on line 286
[11-Dec-2018 07:54:52 UTC] PHP Warning:  Use of undefined constant console - assumed 'console' (this will throw an Error in a future version of PHP) in /Applications/MAMP/htdocs/Progress/wp-content/themes/progresstheme/functions.php on line 6
[11-Dec-2018 07:54:52 UTC] PHP Warning:  log() expects parameter 1 to be float, string given in /Applications/MAMP/htdocs/Progress/wp-content/themes/progresstheme/functions.php on line 6
[11-Dec-2018 07:55:32 UTC] PHP Warning:  Use of undefined constant console - assumed 'console' (this will throw an Error in a future version of PHP) in /Applications/MAMP/htdocs/Progress/wp-content/themes/progresstheme/functions.php on line 6
[11-Dec-2018 07:55:32 UTC] PHP Warning:  log() expects parameter 1 to be float, string given in /Applications/MAMP/htdocs/Progress/wp-content/themes/progresstheme/functions.php on line 6
[11-Dec-2018 08:04:17 UTC] PHP Warning:  Use of undefined constant console - assumed 'console' (this will throw an Error in a future version of PHP) in /Applications/MAMP/htdocs/Progress/wp-content/themes/progresstheme/functions.php on line 6
[11-Dec-2018 08:04:17 UTC] PHP Warning:  log() expects parameter 1 to be float, string given in /Applications/MAMP/htdocs/Progress/wp-content/themes/progresstheme/functions.php on line 6
[11-Dec-2018 08:04:34 UTC] PHP Warning:  Use of undefined constant console - assumed 'console' (this will throw an Error in a future version of PHP) in /Applications/MAMP/htdocs/Progress/wp-content/themes/progresstheme/functions.php on line 8
[11-Dec-2018 08:04:34 UTC] PHP Warning:  log() expects parameter 1 to be float, string given in /Applications/MAMP/htdocs/Progress/wp-content/themes/progresstheme/functions.php on line 8
[27-Dec-2018 01:51:41 UTC] PHP Fatal error:  Uncaught Error: Call to undefined function get_header() in /Applications/MAMP/htdocs/Progress/wp-content/themes/progresstheme/competitive.php:1
Stack trace:
#0 {main}
  thrown in /Applications/MAMP/htdocs/Progress/wp-content/themes/progresstheme/competitive.php on line 1
[27-Dec-2018 01:52:05 UTC] PHP Fatal error:  Uncaught Error: Call to undefined function get_header() in /Applications/MAMP/htdocs/Progress/wp-content/themes/progresstheme/competitive.php:1
Stack trace:
#0 {main}
  thrown in /Applications/MAMP/htdocs/Progress/wp-content/themes/progresstheme/competitive.php on line 1
[27-Dec-2018 01:52:09 UTC] PHP Fatal error:  Uncaught Error: Call to undefined function get_header() in /Applications/MAMP/htdocs/Progress/wp-content/themes/progresstheme/competitive.php:1
Stack trace:
#0 {main}
  thrown in /Applications/MAMP/htdocs/Progress/wp-content/themes/progresstheme/competitive.php on line 1
[27-Dec-2018 01:52:22 UTC] PHP Fatal error:  Uncaught Error: Call to undefined function get_header() in /Applications/MAMP/htdocs/Progress/wp-content/themes/progresstheme/index.php:1
Stack trace:
#0 {main}
  thrown in /Applications/MAMP/htdocs/Progress/wp-content/themes/progresstheme/index.php on line 1
[27-Dec-2018 02:02:57 UTC] PHP Fatal error:  Uncaught Error: Call to undefined function get_header() in /Applications/MAMP/htdocs/Progress/wp-content/themes/progresstheme/index.php:1
Stack trace:
#0 {main}
  thrown in /Applications/MAMP/htdocs/Progress/wp-content/themes/progresstheme/index.php on line 1
[27-Dec-2018 05:08:09 UTC] PHP Warning:  POST Content-Length of 1041027135 bytes exceeds the limit of 8388608 bytes in Unknown on line 0
[27-Dec-2018 05:45:12 UTC] PHP Fatal error:  Uncaught Error: Call to undefined function get_header() in /Applications/MAMP/htdocs/Progress/wp-content/themes/progresstheme/index.php:1
Stack trace:
#0 {main}
  thrown in /Applications/MAMP/htdocs/Progress/wp-content/themes/progresstheme/index.php on line 1
[27-Dec-2018 05:52:49 UTC] PHP Fatal error:  Uncaught Error: Call to undefined function get_header() in /Applications/MAMP/htdocs/Progress/wp-content/themes/progresstheme/index.php:1
Stack trace:
#0 {main}
  thrown in /Applications/MAMP/htdocs/Progress/wp-content/themes/progresstheme/index.php on line 1
[27-Dec-2018 05:52:49 UTC] PHP Fatal error:  Uncaught Error: Call to undefined function get_header() in /Applications/MAMP/htdocs/Progress/wp-content/themes/progresstheme/index.php:1
Stack trace:
#0 {main}
  thrown in /Applications/MAMP/htdocs/Progress/wp-content/themes/progresstheme/index.php on line 1
[27-Dec-2018 05:53:34 UTC] PHP Fatal error:  Uncaught Error: Call to undefined function get_header() in /Applications/MAMP/htdocs/Progress/wp-content/themes/progresstheme/index.php:1
Stack trace:
#0 {main}
  thrown in /Applications/MAMP/htdocs/Progress/wp-content/themes/progresstheme/index.php on line 1
[27-Dec-2018 05:57:44 UTC] PHP Fatal error:  Uncaught Error: Call to undefined function get_header() in /Applications/MAMP/htdocs/Progress/wp-content/themes/progresstheme/index.php:1
Stack trace:
#0 {main}
  thrown in /Applications/MAMP/htdocs/Progress/wp-content/themes/progresstheme/index.php on line 1
[27-Dec-2018 05:57:44 UTC] PHP Fatal error:  Uncaught Error: Call to undefined function get_header() in /Applications/MAMP/htdocs/Progress/wp-content/themes/progresstheme/index.php:1
Stack trace:
#0 {main}
  thrown in /Applications/MAMP/htdocs/Progress/wp-content/themes/progresstheme/index.php on line 1
[27-Dec-2018 06:00:57 UTC] PHP Fatal error:  Uncaught Error: Call to undefined function get_header() in /Applications/MAMP/htdocs/Progress/wp-content/themes/progresstheme/index.php:1
Stack trace:
#0 {main}
  thrown in /Applications/MAMP/htdocs/Progress/wp-content/themes/progresstheme/index.php on line 1
[27-Dec-2018 06:00:57 UTC] PHP Fatal error:  Uncaught Error: Call to undefined function get_header() in /Applications/MAMP/htdocs/Progress/wp-content/themes/progresstheme/index.php:1
Stack trace:
#0 {main}
  thrown in /Applications/MAMP/htdocs/Progress/wp-content/themes/progresstheme/index.php on line 1
[27-Dec-2018 06:02:08 UTC] PHP Fatal error:  Uncaught Error: Call to undefined function get_header() in /Applications/MAMP/htdocs/Progress/wp-content/themes/progresstheme/index.php:1
Stack trace:
#0 {main}
  thrown in /Applications/MAMP/htdocs/Progress/wp-content/themes/progresstheme/index.php on line 1
[27-Dec-2018 06:02:09 UTC] PHP Fatal error:  Uncaught Error: Call to undefined function get_header() in /Applications/MAMP/htdocs/Progress/wp-content/themes/progresstheme/index.php:1
Stack trace:
#0 {main}
  thrown in /Applications/MAMP/htdocs/Progress/wp-content/themes/progresstheme/index.php on line 1
[27-Dec-2018 06:15:13 UTC] PHP Fatal error:  Uncaught Error: Call to undefined function get_header() in /Applications/MAMP/htdocs/Progress/wp-content/themes/progresstheme/index.php:1
Stack trace:
#0 {main}
  thrown in /Applications/MAMP/htdocs/Progress/wp-content/themes/progresstheme/index.php on line 1
[27-Dec-2018 06:26:45 UTC] PHP Fatal error:  Uncaught Error: Call to undefined function get_header() in /Applications/MAMP/htdocs/Progress/wp-content/themes/progresstheme/index.php:1
Stack trace:
#0 {main}
  thrown in /Applications/MAMP/htdocs/Progress/wp-content/themes/progresstheme/index.php on line 1
[27-Dec-2018 06:27:01 UTC] PHP Fatal error:  Uncaught Error: Call to undefined function get_header() in /Applications/MAMP/htdocs/Progress/wp-content/themes/progresstheme/index.php:1
Stack trace:
#0 {main}
  thrown in /Applications/MAMP/htdocs/Progress/wp-content/themes/progresstheme/index.php on line 1
[27-Dec-2018 06:34:32 UTC] PHP Fatal error:  Uncaught Error: Call to undefined function get_header() in /Applications/MAMP/htdocs/Progress/wp-content/themes/progresstheme/index.php:1
Stack trace:
#0 {main}
  thrown in /Applications/MAMP/htdocs/Progress/wp-content/themes/progresstheme/index.php on line 1
[27-Dec-2018 06:34:33 UTC] PHP Fatal error:  Uncaught Error: Call to undefined function get_header() in /Applications/MAMP/htdocs/Progress/wp-content/themes/progresstheme/index.php:1
Stack trace:
#0 {main}
  thrown in /Applications/MAMP/htdocs/Progress/wp-content/themes/progresstheme/index.php on line 1
[27-Dec-2018 06:43:37 UTC] PHP Fatal error:  Uncaught Error: Call to undefined function get_header() in /Applications/MAMP/htdocs/Progress/wp-content/themes/progresstheme/index.php:1
Stack trace:
#0 {main}
  thrown in /Applications/MAMP/htdocs/Progress/wp-content/themes/progresstheme/index.php on line 1
[27-Dec-2018 06:46:08 UTC] PHP Fatal error:  Uncaught Error: Call to undefined function get_header() in /Applications/MAMP/htdocs/Progress/wp-content/themes/progresstheme/index.php:1
Stack trace:
#0 {main}
  thrown in /Applications/MAMP/htdocs/Progress/wp-content/themes/progresstheme/index.php on line 1
[27-Dec-2018 06:46:26 UTC] PHP Fatal error:  Uncaught Error: Call to undefined function get_header() in /Applications/MAMP/htdocs/Progress/wp-content/themes/progresstheme/index.php:1
Stack trace:
#0 {main}
  thrown in /Applications/MAMP/htdocs/Progress/wp-content/themes/progresstheme/index.php on line 1
[27-Dec-2018 06:47:34 UTC] PHP Fatal error:  Uncaught Error: Call to undefined function get_header() in /Applications/MAMP/htdocs/Progress/wp-content/themes/progresstheme/index.php:1
Stack trace:
#0 {main}
  thrown in /Applications/MAMP/htdocs/Progress/wp-content/themes/progresstheme/index.php on line 1
[27-Dec-2018 06:47:57 UTC] PHP Fatal error:  Uncaught Error: Call to undefined function get_header() in /Applications/MAMP/htdocs/Progress/wp-content/themes/progresstheme/index.php:1
Stack trace:
#0 {main}
  thrown in /Applications/MAMP/htdocs/Progress/wp-content/themes/progresstheme/index.php on line 1
[27-Dec-2018 06:48:14 UTC] PHP Fatal error:  Uncaught Error: Call to undefined function get_header() in /Applications/MAMP/htdocs/Progress/wp-content/themes/progresstheme/index.php:1
Stack trace:
#0 {main}
  thrown in /Applications/MAMP/htdocs/Progress/wp-content/themes/progresstheme/index.php on line 1
[27-Dec-2018 06:49:42 UTC] PHP Fatal error:  Uncaught Error: Call to undefined function get_header() in /Applications/MAMP/htdocs/Progress/wp-content/themes/progresstheme/index.php:1
Stack trace:
#0 {main}
  thrown in /Applications/MAMP/htdocs/Progress/wp-content/themes/progresstheme/index.php on line 1
[27-Dec-2018 06:49:55 UTC] PHP Fatal error:  Uncaught Error: Call to undefined function get_header() in /Applications/MAMP/htdocs/Progress/wp-content/themes/progresstheme/index.php:1
Stack trace:
#0 {main}
  thrown in /Applications/MAMP/htdocs/Progress/wp-content/themes/progresstheme/index.php on line 1
[27-Dec-2018 06:50:26 UTC] PHP Fatal error:  Uncaught Error: Call to undefined function get_header() in /Applications/MAMP/htdocs/Progress/wp-content/themes/progresstheme/index.php:1
Stack trace:
#0 {main}
  thrown in /Applications/MAMP/htdocs/Progress/wp-content/themes/progresstheme/index.php on line 1
[27-Dec-2018 06:51:55 UTC] PHP Fatal error:  Uncaught Error: Call to undefined function get_header() in /Applications/MAMP/htdocs/Progress/wp-content/themes/progresstheme/index.php:1
Stack trace:
#0 {main}
  thrown in /Applications/MAMP/htdocs/Progress/wp-content/themes/progresstheme/index.php on line 1
[27-Dec-2018 07:01:28 UTC] PHP Fatal error:  Uncaught Error: Call to undefined function get_header() in /Applications/MAMP/htdocs/Progress/wp-content/themes/progresstheme/index.php:1
Stack trace:
#0 {main}
  thrown in /Applications/MAMP/htdocs/Progress/wp-content/themes/progresstheme/index.php on line 1
[27-Dec-2018 07:01:28 UTC] PHP Fatal error:  Uncaught Error: Call to undefined function get_header() in /Applications/MAMP/htdocs/Progress/wp-content/themes/progresstheme/index.php:1
Stack trace:
#0 {main}
  thrown in /Applications/MAMP/htdocs/Progress/wp-content/themes/progresstheme/index.php on line 1
[27-Dec-2018 07:01:37 UTC] PHP Fatal error:  Uncaught Error: Call to undefined function get_header() in /Applications/MAMP/htdocs/Progress/wp-content/themes/progresstheme/index.php:1
Stack trace:
#0 {main}
  thrown in /Applications/MAMP/htdocs/Progress/wp-content/themes/progresstheme/index.php on line 1
[27-Dec-2018 07:02:34 UTC] PHP Fatal error:  Uncaught Error: Call to undefined function get_header() in /Applications/MAMP/htdocs/Progress/wp-content/themes/progresstheme/index.php:1
Stack trace:
#0 {main}
  thrown in /Applications/MAMP/htdocs/Progress/wp-content/themes/progresstheme/index.php on line 1
[27-Dec-2018 07:03:03 UTC] PHP Fatal error:  Uncaught Error: Call to undefined function get_header() in /Applications/MAMP/htdocs/Progress/wp-content/themes/progresstheme/index.php:1
Stack trace:
#0 {main}
  thrown in /Applications/MAMP/htdocs/Progress/wp-content/themes/progresstheme/index.php on line 1
[27-Dec-2018 07:03:37 UTC] PHP Fatal error:  Uncaught Error: Call to undefined function get_header() in /Applications/MAMP/htdocs/Progress/wp-content/themes/progresstheme/index.php:1
Stack trace:
#0 {main}
  thrown in /Applications/MAMP/htdocs/Progress/wp-content/themes/progresstheme/index.php on line 1
[27-Dec-2018 07:03:48 UTC] PHP Fatal error:  Uncaught Error: Call to undefined function get_header() in /Applications/MAMP/htdocs/Progress/wp-content/themes/progresstheme/index.php:1
Stack trace:
#0 {main}
  thrown in /Applications/MAMP/htdocs/Progress/wp-content/themes/progresstheme/index.php on line 1
[27-Dec-2018 07:04:36 UTC] PHP Fatal error:  Uncaught Error: Call to undefined function get_header() in /Applications/MAMP/htdocs/Progress/wp-content/themes/progresstheme/index.php:1
Stack trace:
#0 {main}
  thrown in /Applications/MAMP/htdocs/Progress/wp-content/themes/progresstheme/index.php on line 1
[27-Dec-2018 07:05:36 UTC] PHP Fatal error:  Uncaught Error: Call to undefined function get_header() in /Applications/MAMP/htdocs/Progress/wp-content/themes/progresstheme/index.php:1
Stack trace:
#0 {main}
  thrown in /Applications/MAMP/htdocs/Progress/wp-content/themes/progresstheme/index.php on line 1
[27-Dec-2018 07:05:56 UTC] PHP Fatal error:  Uncaught Error: Call to undefined function get_header() in /Applications/MAMP/htdocs/Progress/wp-content/themes/progresstheme/index.php:1
Stack trace:
#0 {main}
  thrown in /Applications/MAMP/htdocs/Progress/wp-content/themes/progresstheme/index.php on line 1
[27-Dec-2018 07:07:09 UTC] PHP Fatal error:  Uncaught Error: Call to undefined function get_header() in /Applications/MAMP/htdocs/Progress/wp-content/themes/progresstheme/index.php:1
Stack trace:
#0 {main}
  thrown in /Applications/MAMP/htdocs/Progress/wp-content/themes/progresstheme/index.php on line 1
[27-Dec-2018 07:07:46 UTC] PHP Fatal error:  Uncaught Error: Call to undefined function get_header() in /Applications/MAMP/htdocs/Progress/wp-content/themes/progresstheme/index.php:1
Stack trace:
#0 {main}
  thrown in /Applications/MAMP/htdocs/Progress/wp-content/themes/progresstheme/index.php on line 1
[27-Dec-2018 07:09:10 UTC] PHP Fatal error:  Uncaught Error: Call to undefined function get_header() in /Applications/MAMP/htdocs/Progress/wp-content/themes/progresstheme/index.php:1
Stack trace:
#0 {main}
  thrown in /Applications/MAMP/htdocs/Progress/wp-content/themes/progresstheme/index.php on line 1
[27-Dec-2018 07:09:46 UTC] PHP Fatal error:  Uncaught Error: Call to undefined function get_header() in /Applications/MAMP/htdocs/Progress/wp-content/themes/progresstheme/index.php:1
Stack trace:
#0 {main}
  thrown in /Applications/MAMP/htdocs/Progress/wp-content/themes/progresstheme/index.php on line 1
[27-Dec-2018 07:10:29 UTC] PHP Fatal error:  Uncaught Error: Call to undefined function get_header() in /Applications/MAMP/htdocs/Progress/wp-content/themes/progresstheme/index.php:1
Stack trace:
#0 {main}
  thrown in /Applications/MAMP/htdocs/Progress/wp-content/themes/progresstheme/index.php on line 1
[27-Dec-2018 07:11:47 UTC] PHP Fatal error:  Uncaught Error: Call to undefined function get_header() in /Applications/MAMP/htdocs/Progress/wp-content/themes/progresstheme/index.php:1
Stack trace:
#0 {main}
  thrown in /Applications/MAMP/htdocs/Progress/wp-content/themes/progresstheme/index.php on line 1
[27-Dec-2018 07:12:11 UTC] PHP Fatal error:  Uncaught Error: Call to undefined function get_header() in /Applications/MAMP/htdocs/Progress/wp-content/themes/progresstheme/index.php:1
Stack trace:
#0 {main}
  thrown in /Applications/MAMP/htdocs/Progress/wp-content/themes/progresstheme/index.php on line 1
[27-Dec-2018 07:13:11 UTC] PHP Fatal error:  Uncaught Error: Call to undefined function get_header() in /Applications/MAMP/htdocs/Progress/wp-content/themes/progresstheme/index.php:1
Stack trace:
#0 {main}
  thrown in /Applications/MAMP/htdocs/Progress/wp-content/themes/progresstheme/index.php on line 1
[27-Dec-2018 07:16:24 UTC] PHP Fatal error:  Uncaught Error: Call to undefined function get_header() in /Applications/MAMP/htdocs/Progress/wp-content/themes/progresstheme/index.php:1
Stack trace:
#0 {main}
  thrown in /Applications/MAMP/htdocs/Progress/wp-content/themes/progresstheme/index.php on line 1
[27-Dec-2018 07:16:24 UTC] PHP Fatal error:  Uncaught Error: Call to undefined function get_header() in /Applications/MAMP/htdocs/Progress/wp-content/themes/progresstheme/index.php:1
Stack trace:
#0 {main}
  thrown in /Applications/MAMP/htdocs/Progress/wp-content/themes/progresstheme/index.php on line 1
[27-Dec-2018 07:16:58 UTC] PHP Fatal error:  Uncaught Error: Call to undefined function get_header() in /Applications/MAMP/htdocs/Progress/wp-content/themes/progresstheme/index.php:1
Stack trace:
#0 {main}
  thrown in /Applications/MAMP/htdocs/Progress/wp-content/themes/progresstheme/index.php on line 1
[27-Dec-2018 07:17:24 UTC] PHP Fatal error:  Uncaught Error: Call to undefined function get_header() in /Applications/MAMP/htdocs/Progress/wp-content/themes/progresstheme/index.php:1
Stack trace:
#0 {main}
  thrown in /Applications/MAMP/htdocs/Progress/wp-content/themes/progresstheme/index.php on line 1
[27-Dec-2018 07:18:01 UTC] PHP Fatal error:  Uncaught Error: Call to undefined function get_header() in /Applications/MAMP/htdocs/Progress/wp-content/themes/progresstheme/index.php:1
Stack trace:
#0 {main}
  thrown in /Applications/MAMP/htdocs/Progress/wp-content/themes/progresstheme/index.php on line 1
[27-Dec-2018 07:18:36 UTC] PHP Fatal error:  Uncaught Error: Call to undefined function get_header() in /Applications/MAMP/htdocs/Progress/wp-content/themes/progresstheme/index.php:1
Stack trace:
#0 {main}
  thrown in /Applications/MAMP/htdocs/Progress/wp-content/themes/progresstheme/index.php on line 1
[27-Dec-2018 07:19:09 UTC] PHP Fatal error:  Uncaught Error: Call to undefined function get_header() in /Applications/MAMP/htdocs/Progress/wp-content/themes/progresstheme/index.php:1
Stack trace:
#0 {main}
  thrown in /Applications/MAMP/htdocs/Progress/wp-content/themes/progresstheme/index.php on line 1
[27-Dec-2018 07:19:18 UTC] PHP Fatal error:  Uncaught Error: Call to undefined function get_header() in /Applications/MAMP/htdocs/Progress/wp-content/themes/progresstheme/index.php:1
Stack trace:
#0 {main}
  thrown in /Applications/MAMP/htdocs/Progress/wp-content/themes/progresstheme/index.php on line 1
[27-Dec-2018 07:19:29 UTC] PHP Fatal error:  Uncaught Error: Call to undefined function get_header() in /Applications/MAMP/htdocs/Progress/wp-content/themes/progresstheme/index.php:1
Stack trace:
#0 {main}
  thrown in /Applications/MAMP/htdocs/Progress/wp-content/themes/progresstheme/index.php on line 1
[27-Dec-2018 07:20:51 UTC] PHP Fatal error:  Uncaught Error: Call to undefined function get_header() in /Applications/MAMP/htdocs/Progress/wp-content/themes/progresstheme/index.php:1
Stack trace:
#0 {main}
  thrown in /Applications/MAMP/htdocs/Progress/wp-content/themes/progresstheme/index.php on line 1
[27-Dec-2018 07:28:06 UTC] PHP Fatal error:  Uncaught Error: Call to undefined function get_header() in /Applications/MAMP/htdocs/Progress/wp-content/themes/progresstheme/index.php:1
Stack trace:
#0 {main}
  thrown in /Applications/MAMP/htdocs/Progress/wp-content/themes/progresstheme/index.php on line 1
[27-Dec-2018 07:28:06 UTC] PHP Fatal error:  Uncaught Error: Call to undefined function get_header() in /Applications/MAMP/htdocs/Progress/wp-content/themes/progresstheme/index.php:1
Stack trace:
#0 {main}
  thrown in /Applications/MAMP/htdocs/Progress/wp-content/themes/progresstheme/index.php on line 1
[27-Dec-2018 07:29:12 UTC] PHP Fatal error:  Uncaught Error: Call to undefined function get_header() in /Applications/MAMP/htdocs/Progress/wp-content/themes/progresstheme/index.php:1
Stack trace:
#0 {main}
  thrown in /Applications/MAMP/htdocs/Progress/wp-content/themes/progresstheme/index.php on line 1
[27-Dec-2018 07:29:42 UTC] PHP Fatal error:  Uncaught Error: Call to undefined function get_header() in /Applications/MAMP/htdocs/Progress/wp-content/themes/progresstheme/index.php:1
Stack trace:
#0 {main}
  thrown in /Applications/MAMP/htdocs/Progress/wp-content/themes/progresstheme/index.php on line 1
[27-Dec-2018 07:30:17 UTC] PHP Fatal error:  Uncaught Error: Call to undefined function get_header() in /Applications/MAMP/htdocs/Progress/wp-content/themes/progresstheme/index.php:1
Stack trace:
#0 {main}
  thrown in /Applications/MAMP/htdocs/Progress/wp-content/themes/progresstheme/index.php on line 1
[27-Dec-2018 07:31:17 UTC] PHP Fatal error:  Uncaught Error: Call to undefined function get_header() in /Applications/MAMP/htdocs/Progress/wp-content/themes/progresstheme/index.php:1
Stack trace:
#0 {main}
  thrown in /Applications/MAMP/htdocs/Progress/wp-content/themes/progresstheme/index.php on line 1
[27-Dec-2018 07:31:37 UTC] PHP Fatal error:  Uncaught Error: Call to undefined function get_header() in /Applications/MAMP/htdocs/Progress/wp-content/themes/progresstheme/index.php:1
Stack trace:
#0 {main}
  thrown in /Applications/MAMP/htdocs/Progress/wp-content/themes/progresstheme/index.php on line 1
[27-Dec-2018 07:31:44 UTC] PHP Fatal error:  Uncaught Error: Call to undefined function get_header() in /Applications/MAMP/htdocs/Progress/wp-content/themes/progresstheme/index.php:1
Stack trace:
#0 {main}
  thrown in /Applications/MAMP/htdocs/Progress/wp-content/themes/progresstheme/index.php on line 1
[27-Dec-2018 07:32:04 UTC] PHP Fatal error:  Uncaught Error: Call to undefined function get_header() in /Applications/MAMP/htdocs/Progress/wp-content/themes/progresstheme/index.php:1
Stack trace:
#0 {main}
  thrown in /Applications/MAMP/htdocs/Progress/wp-content/themes/progresstheme/index.php on line 1
[27-Dec-2018 07:33:35 UTC] PHP Fatal error:  Uncaught Error: Call to undefined function get_header() in /Applications/MAMP/htdocs/Progress/wp-content/themes/progresstheme/index.php:1
Stack trace:
#0 {main}
  thrown in /Applications/MAMP/htdocs/Progress/wp-content/themes/progresstheme/index.php on line 1
[27-Dec-2018 07:34:08 UTC] PHP Fatal error:  Uncaught Error: Call to undefined function get_header() in /Applications/MAMP/htdocs/Progress/wp-content/themes/progresstheme/index.php:1
Stack trace:
#0 {main}
  thrown in /Applications/MAMP/htdocs/Progress/wp-content/themes/progresstheme/index.php on line 1
[27-Dec-2018 07:38:54 UTC] PHP Fatal error:  Uncaught Error: Call to undefined function get_header() in /Applications/MAMP/htdocs/Progress/wp-content/themes/progresstheme/index.php:1
Stack trace:
#0 {main}
  thrown in /Applications/MAMP/htdocs/Progress/wp-content/themes/progresstheme/index.php on line 1
[27-Dec-2018 07:38:54 UTC] PHP Fatal error:  Uncaught Error: Call to undefined function get_header() in /Applications/MAMP/htdocs/Progress/wp-content/themes/progresstheme/index.php:1
Stack trace:
#0 {main}
  thrown in /Applications/MAMP/htdocs/Progress/wp-content/themes/progresstheme/index.php on line 1
[27-Dec-2018 07:40:12 UTC] PHP Fatal error:  Uncaught Error: Call to undefined function get_header() in /Applications/MAMP/htdocs/Progress/wp-content/themes/progresstheme/index.php:1
Stack trace:
#0 {main}
  thrown in /Applications/MAMP/htdocs/Progress/wp-content/themes/progresstheme/index.php on line 1
[27-Dec-2018 07:40:25 UTC] PHP Fatal error:  Uncaught Error: Call to undefined function get_header() in /Applications/MAMP/htdocs/Progress/wp-content/themes/progresstheme/index.php:1
Stack trace:
#0 {main}
  thrown in /Applications/MAMP/htdocs/Progress/wp-content/themes/progresstheme/index.php on line 1
[27-Dec-2018 07:44:02 UTC] PHP Fatal error:  Uncaught Error: Call to undefined function get_header() in /Applications/MAMP/htdocs/Progress/wp-content/themes/progresstheme/index.php:1
Stack trace:
#0 {main}
  thrown in /Applications/MAMP/htdocs/Progress/wp-content/themes/progresstheme/index.php on line 1
[27-Dec-2018 07:44:02 UTC] PHP Fatal error:  Uncaught Error: Call to undefined function get_header() in /Applications/MAMP/htdocs/Progress/wp-content/themes/progresstheme/index.php:1
Stack trace:
#0 {main}
  thrown in /Applications/MAMP/htdocs/Progress/wp-content/themes/progresstheme/index.php on line 1
[27-Dec-2018 07:45:35 UTC] PHP Fatal error:  Uncaught Error: Call to undefined function get_header() in /Applications/MAMP/htdocs/Progress/wp-content/themes/progresstheme/index.php:1
Stack trace:
#0 {main}
  thrown in /Applications/MAMP/htdocs/Progress/wp-content/themes/progresstheme/index.php on line 1
[27-Dec-2018 07:45:35 UTC] PHP Fatal error:  Uncaught Error: Call to undefined function get_header() in /Applications/MAMP/htdocs/Progress/wp-content/themes/progresstheme/index.php:1
Stack trace:
#0 {main}
  thrown in /Applications/MAMP/htdocs/Progress/wp-content/themes/progresstheme/index.php on line 1
[27-Dec-2018 07:45:54 UTC] PHP Fatal error:  Uncaught Error: Call to undefined function get_header() in /Applications/MAMP/htdocs/Progress/wp-content/themes/progresstheme/index.php:1
Stack trace:
#0 {main}
  thrown in /Applications/MAMP/htdocs/Progress/wp-content/themes/progresstheme/index.php on line 1
[27-Dec-2018 07:51:57 UTC] PHP Fatal error:  Uncaught Error: Call to undefined function get_header() in /Applications/MAMP/htdocs/Progress/wp-content/themes/progresstheme/index.php:1
Stack trace:
#0 {main}
  thrown in /Applications/MAMP/htdocs/Progress/wp-content/themes/progresstheme/index.php on line 1
[27-Dec-2018 07:51:58 UTC] PHP Fatal error:  Uncaught Error: Call to undefined function get_header() in /Applications/MAMP/htdocs/Progress/wp-content/themes/progresstheme/index.php:1
Stack trace:
#0 {main}
  thrown in /Applications/MAMP/htdocs/Progress/wp-content/themes/progresstheme/index.php on line 1
[27-Dec-2018 07:54:17 UTC] PHP Fatal error:  Uncaught Error: Call to undefined function get_header() in /Applications/MAMP/htdocs/Progress/wp-content/themes/progresstheme/index.php:1
Stack trace:
#0 {main}
  thrown in /Applications/MAMP/htdocs/Progress/wp-content/themes/progresstheme/index.php on line 1
[27-Dec-2018 07:58:43 UTC] PHP Fatal error:  Uncaught Error: Call to undefined function get_header() in /Applications/MAMP/htdocs/Progress/wp-content/themes/progresstheme/index.php:1
Stack trace:
#0 {main}
  thrown in /Applications/MAMP/htdocs/Progress/wp-content/themes/progresstheme/index.php on line 1
[27-Dec-2018 07:59:01 UTC] PHP Fatal error:  Uncaught Error: Call to undefined function get_header() in /Applications/MAMP/htdocs/Progress/wp-content/themes/progresstheme/index.php:1
Stack trace:
#0 {main}
  thrown in /Applications/MAMP/htdocs/Progress/wp-content/themes/progresstheme/index.php on line 1
[27-Dec-2018 08:00:13 UTC] PHP Fatal error:  Uncaught Error: Call to undefined function get_header() in /Applications/MAMP/htdocs/Progress/wp-content/themes/progresstheme/index.php:1
Stack trace:
#0 {main}
  thrown in /Applications/MAMP/htdocs/Progress/wp-content/themes/progresstheme/index.php on line 1
[27-Dec-2018 08:01:04 UTC] PHP Fatal error:  Uncaught Error: Call to undefined function get_header() in /Applications/MAMP/htdocs/Progress/wp-content/themes/progresstheme/index.php:1
Stack trace:
#0 {main}
  thrown in /Applications/MAMP/htdocs/Progress/wp-content/themes/progresstheme/index.php on line 1
[27-Dec-2018 08:02:28 UTC] PHP Fatal error:  Uncaught Error: Call to undefined function get_header() in /Applications/MAMP/htdocs/Progress/wp-content/themes/progresstheme/index.php:1
Stack trace:
#0 {main}
  thrown in /Applications/MAMP/htdocs/Progress/wp-content/themes/progresstheme/index.php on line 1
[27-Dec-2018 08:02:58 UTC] PHP Fatal error:  Uncaught Error: Call to undefined function get_header() in /Applications/MAMP/htdocs/Progress/wp-content/themes/progresstheme/index.php:1
Stack trace:
#0 {main}
  thrown in /Applications/MAMP/htdocs/Progress/wp-content/themes/progresstheme/index.php on line 1
[27-Dec-2018 08:08:33 UTC] PHP Fatal error:  Uncaught Error: Call to undefined function get_header() in /Applications/MAMP/htdocs/Progress/wp-content/themes/progresstheme/index.php:1
Stack trace:
#0 {main}
  thrown in /Applications/MAMP/htdocs/Progress/wp-content/themes/progresstheme/index.php on line 1
[02-Jan-2019 10:47:16 UTC] PHP Fatal error:  Uncaught Error: Call to undefined function get_header() in /Applications/MAMP/htdocs/Progress/wp-content/themes/progresstheme/index.php:1
Stack trace:
#0 {main}
  thrown in /Applications/MAMP/htdocs/Progress/wp-content/themes/progresstheme/index.php on line 1
[02-Jan-2019 10:47:27 UTC] PHP Fatal error:  Uncaught Error: Call to undefined function get_header() in /Applications/MAMP/htdocs/Progress/wp-content/themes/progresstheme/index.php:1
Stack trace:
#0 {main}
  thrown in /Applications/MAMP/htdocs/Progress/wp-content/themes/progresstheme/index.php on line 1
[02-Jan-2019 10:47:28 UTC] PHP Fatal error:  Uncaught Error: Call to undefined function get_header() in /Applications/MAMP/htdocs/Progress/wp-content/themes/progresstheme/index.php:1
Stack trace:
#0 {main}
  thrown in /Applications/MAMP/htdocs/Progress/wp-content/themes/progresstheme/index.php on line 1
[08-Jan-2019 01:22:06 UTC] PHP Fatal error:  Uncaught Error: Call to undefined function get_header() in /Applications/MAMP/htdocs/Progress/wp-content/themes/progresstheme/index.php:1
Stack trace:
#0 {main}
  thrown in /Applications/MAMP/htdocs/Progress/wp-content/themes/progresstheme/index.php on line 1
[08-Jan-2019 07:59:43 UTC] PHP Fatal error:  Uncaught Error: Call to undefined function get_header() in /Applications/MAMP/htdocs/Progress/wp-content/themes/progresstheme/index.php:1
Stack trace:
#0 {main}
  thrown in /Applications/MAMP/htdocs/Progress/wp-content/themes/progresstheme/index.php on line 1
[09-Jan-2019 01:18:48 UTC] PHP Fatal error:  Uncaught Error: Call to undefined function get_header() in /Applications/MAMP/htdocs/Progress/wp-content/themes/progresstheme/index.php:1
Stack trace:
#0 {main}
  thrown in /Applications/MAMP/htdocs/Progress/wp-content/themes/progresstheme/index.php on line 1
